0 info it worked if it ends with ok
1 verbose cli [ '/usr/local/bin/node', '/usr/local/bin/npm', 'run', 'gh-pages' ]
2 info using npm@3.10.9
3 info using node@v6.9.2
4 verbose run-script [ 'pregh-pages', 'gh-pages', 'postgh-pages' ]
5 info lifecycle beer-tracker-app@0.0.1~pregh-pages: beer-tracker-app@0.0.1
6 silly lifecycle beer-tracker-app@0.0.1~pregh-pages: no script for pregh-pages, continuing
7 info lifecycle beer-tracker-app@0.0.1~gh-pages: beer-tracker-app@0.0.1
8 verbose lifecycle beer-tracker-app@0.0.1~gh-pages: unsafe-perm in lifecycle true
9 verbose lifecycle beer-tracker-app@0.0.1~gh-pages: PATH: /usr/local/lib/node_modules/npm/bin/node-gyp-bin:/Users/tlwirtz/GitRepos/dev/beer-tracker-app/node_modules/.bin:/Users/tlwirtz/google-cloud-sdk/bin:/Users/tlwirtz/.rbenv/shims:/Users/tlwirtz/.rbenv/bin:/Users/tlwirtz/.node/bin:/Users/tlwirtz/google-cloud-sdk/bin:/Users/tlwirtz/.rbenv/shims:/Users/tlwirtz/.rbenv/bin:/Users/tlwirtz/google-cloud-sdk/bin:/Users/tlwirtz/.rbenv/shims:/Users/tlwirtz/.rbenv/bin:/usr/local/bin:/usr/bin:/bin:/usr/sbin:/sbin:/usr/local/git/bin:/Users/tlwirtz/.rvm/bin:/Users/tlwirtz/.rvm/bin
10 verbose lifecycle beer-tracker-app@0.0.1~gh-pages: CWD: /Users/tlwirtz/GitRepos/dev/beer-tracker-app
11 silly lifecycle beer-tracker-app@0.0.1~gh-pages: Args: [ '-c', 'gh-pages' ]
12 silly lifecycle beer-tracker-app@0.0.1~gh-pages: Returned: code: 1  signal: null
13 info lifecycle beer-tracker-app@0.0.1~gh-pages: Failed to exec gh-pages script
14 verbose stack Error: beer-tracker-app@0.0.1 gh-pages: `gh-pages`
14 verbose stack Exit status 1
14 verbose stack     at EventEmitter.<anonymous> (/usr/local/lib/node_modules/npm/lib/utils/lifecycle.js:255:16)
14 verbose stack     at emitTwo (events.js:106:13)
14 verbose stack     at EventEmitter.emit (events.js:191:7)
14 verbose stack     at ChildProcess.<anonymous> (/usr/local/lib/node_modules/npm/lib/utils/spawn.js:40:14)
14 verbose stack     at emitTwo (events.js:106:13)
14 verbose stack     at ChildProcess.emit (events.js:191:7)
14 verbose stack     at maybeClose (internal/child_process.js:877:16)
14 verbose stack     at Process.ChildProcess._handle.onexit (internal/child_process.js:226:5)
15 verbose pkgid beer-tracker-app@0.0.1
16 verbose cwd /Users/tlwirtz/GitRepos/dev/beer-tracker-app
17 error Darwin 16.1.0
18 error argv "/usr/local/bin/node" "/usr/local/bin/npm" "run" "gh-pages"
19 error node v6.9.2
20 error npm  v3.10.9
21 error code ELIFECYCLE
22 error beer-tracker-app@0.0.1 gh-pages: `gh-pages`
22 error Exit status 1
23 error Failed at the beer-tracker-app@0.0.1 gh-pages script 'gh-pages'.
23 error Make sure you have the latest version of node.js and npm installed.
23 error If you do, this is most likely a problem with the beer-tracker-app package,
23 error not with npm itself.
23 error Tell the author that this fails on your system:
23 error     gh-pages
23 error You can get information on how to open an issue for this project with:
23 error     npm bugs beer-tracker-app
23 error Or if that isn't available, you can get their info via:
23 error     npm owner ls beer-tracker-app
23 error There is likely additional logging output above.
24 verbose exit [ 1, true ]
